<?xml version="1.0" encoding="UTF-8"?>
<!-- Generated by org.testng.reporters.JUnitReportReporter -->
<testsuite hostname="ATMECSINLT-178" name="AndroidAPP.AppTest" tests="2" failures="0" timestamp="14 Apr 2019 21:36:12 GMT" time="39.738" errors="0">
  <testcase name="Test2" time="26.107" classname="AndroidAPP.AppTest"/>
  <testcase name="Test1" time="13.631" classname="AndroidAPP.AppTest"/>
</testsuite> <!-- AndroidAPP.AppTest -->
